<?xml version="1.0" encoding="UTF-8"?>
<!-- Generated by org.testng.reporters.JUnitXMLReporter -->
<testsuite ignored="0" hostname="ENCDAPPUNLT0737" failures="1" tests="3" name="Error Validation Test" time="61.062" errors="0" timestamp="2025-03-23T10:49:55 IST">
  <testcase classname="charushilaprojects.tests.ErrorValidationTest" name="LoginErrorValidation" time="1.128">
    <failure type="java.lang.AssertionError" message="expected [Login Successfully] but found [Incorrect email or password.]">
      <![CDATA[java.lang.AssertionError: expected [Login Successfully] but found [Incorrect email or password.]
at charushilaprojects.tests.ErrorValidationTest.LoginErrorValidation(ErrorValidationTest.java:23)
at java.base/java.util.ArrayList.forEach(ArrayList.java:1596)
at java.base/java.util.concurrent.FutureTask.run(FutureTask.java:317)
at java.base/java.util.concurrent.ThreadPoolExecutor.runWorker(ThreadPoolExecutor.java:1144)
at java.base/java.util.concurrent.ThreadPoolExecutor$Worker.run(ThreadPoolExecutor.java:642)
at java.base/java.lang.Thread.run(Thread.java:1583)
... Removed 21 stack frames]]>
    </failure>
  </testcase> <!-- LoginErrorValidation -->
  <testcase classname="charushilaprojects.tests.ErrorValidationTest" name="ProductErrorValidation" time="34.306">
    <skipped/>
  </testcase> <!-- ProductErrorValidation -->
  <testcase classname="charushilaprojects.tests.ErrorValidationTest" name="ProductErrorValidation" time="12.228"/>
</testsuite> <!-- Error Validation Test -->
