<?xml version="1.0" encoding="UTF-8"?>
<testng-results retried="1" ignored="0" total="6" passed="4" failed="1" skipped="0">
  <reporter-output>
  </reporter-output>
  <suite started-at="2025-03-23T10:48:53 IST" name="Suite" finished-at="2025-03-23T10:50:08 IST" duration-ms="74557">
    <groups>
      <group name="ErrorHandling">
        <method signature="ErrorValidationTest.ProductErrorValidation()[pri:0, instance:charushilaprojects.tests.ErrorValidationTest@2f953efd]" name="ProductErrorValidation" class="charushilaprojects.tests.ErrorValidationTest"/>
      </group> <!-- ErrorHandling -->
      <group name="Purchase">
        <method signature="SubmitOrderTest.submitOrder(java.util.HashMap)[pri:0, instance:charushilaprojects.tests.SubmitOrderTest@4c163e3]" name="submitOrder" class="charushilaprojects.tests.SubmitOrderTest"/>
      </group> <!-- Purchase -->
    </groups>
    <test started-at="2025-03-23T10:48:53 IST" name="Error Validation Test" finished-at="2025-03-23T10:49:55 IST" duration-ms="61062">
      <class name="charushilaprojects.tests.ErrorValidationTest">
        <test-method is-config="true" signature="launchApplication()[pri:0, instance:charushilaprojects.tests.ErrorValidationTest@2f953efd]" started-at="2025-03-23T10:48:53 IST" name="launchApplication" finished-at="2025-03-23T10:48:59 IST" duration-ms="5743" status="PASS">
          <reporter-output>
          </reporter-output>
        </test-method> <!-- launchApplication -->
        <test-method signature="LoginErrorValidation()[pri:0, instance:charushilaprojects.tests.ErrorValidationTest@2f953efd]" started-at="2025-03-23T10:48:59 IST" name="LoginErrorValidation" finished-at="2025-03-23T10:49:00 IST" duration-ms="1128" status="FAIL">
          <exception class="java.lang.AssertionError">
            <message>
              <![CDATA[expected [Login Successfully] but found [Incorrect email or password.]]]>
            </message>
            <full-stacktrace>
              <![CDATA[java.lang.AssertionError: expected [Login Successfully] but found [Incorrect email or password.]
at org.testng.Assert.fail(Assert.java:111)
at org.testng.Assert.failNotEquals(Assert.java:1590)
at org.testng.Assert.assertEqualsImpl(Assert.java:150)
at org.testng.Assert.assertEquals(Assert.java:132)
at org.testng.Assert.assertEquals(Assert.java:656)
at org.testng.Assert.assertEquals(Assert.java:666)
at charushilaprojects.tests.ErrorValidationTest.LoginErrorValidation(ErrorValidationTest.java:23)
at java.base/jdk.internal.reflect.DirectMethodHandleAccessor.invoke(DirectMethodHandleAccessor.java:103)
at java.base/java.lang.reflect.Method.invoke(Method.java:580)
at org.testng.internal.invokers.MethodInvocationHelper.invokeMethod(MethodInvocationHelper.java:141)
at org.testng.internal.invokers.TestInvoker.invokeMethod(TestInvoker.java:687)
at org.testng.internal.invokers.TestInvoker.invokeTestMethod(TestInvoker.java:230)
at org.testng.internal.invokers.MethodRunner.runInSequence(MethodRunner.java:63)
at org.testng.internal.invokers.TestInvoker$MethodInvocationAgent.invoke(TestInvoker.java:995)
at org.testng.internal.invokers.TestInvoker.invokeTestMethods(TestInvoker.java:203)
at org.testng.internal.invokers.TestMethodWorker.invokeTestMethods(TestMethodWorker.java:154)
at org.testng.internal.invokers.TestMethodWorker.run(TestMethodWorker.java:134)
at java.base/java.util.ArrayList.forEach(ArrayList.java:1596)
at org.testng.TestRunner.privateRun(TestRunner.java:741)
at org.testng.TestRunner.run(TestRunner.java:616)
at org.testng.SuiteRunner.runTest(SuiteRunner.java:421)
at org.testng.SuiteRunner$SuiteWorker.run(SuiteRunner.java:463)
at org.testng.internal.thread.ThreadUtil.lambda$execute$0(ThreadUtil.java:64)
at java.base/java.util.concurrent.FutureTask.run(FutureTask.java:317)
at java.base/java.util.concurrent.ThreadPoolExecutor.runWorker(ThreadPoolExecutor.java:1144)
at java.base/java.util.concurrent.ThreadPoolExecutor$Worker.run(ThreadPoolExecutor.java:642)
at java.base/java.lang.Thread.run(Thread.java:1583)
]]>
            </full-stacktrace>
          </exception> <!-- java.lang.AssertionError -->
          <reporter-output>
          </reporter-output>
        </test-method> <!-- LoginErrorValidation -->
        <test-method is-config="true" signature="tearDown()[pri:0, instance:charushilaprojects.tests.ErrorValidationTest@2f953efd]" started-at="2025-03-23T10:49:01 IST" name="tearDown" finished-at="2025-03-23T10:49:01 IST" duration-ms="148" status="PASS">
          <reporter-output>
          </reporter-output>
        </test-method> <!-- tearDown -->
        <test-method is-config="true" signature="launchApplication()[pri:0, instance:charushilaprojects.tests.ErrorValidationTest@2f953efd]" started-at="2025-03-23T10:49:01 IST" name="launchApplication" finished-at="2025-03-23T10:49:06 IST" duration-ms="4699" status="PASS">
          <reporter-output>
          </reporter-output>
        </test-method> <!-- launchApplication -->
        <test-method retried="true" signature="ProductErrorValidation()[pri:0, instance:charushilaprojects.tests.ErrorValidationTest@2f953efd]" started-at="2025-03-23T10:49:06 IST" name="ProductErrorValidation" finished-at="2025-03-23T10:49:40 IST" duration-ms="34306" status="SKIP">
          <exception class="java.lang.AssertionError">
            <message>
              <![CDATA[expected [true] but found [false]]]>
            </message>
            <full-stacktrace>
              <![CDATA[java.lang.AssertionError: expected [true] but found [false]
at org.testng.Assert.fail(Assert.java:111)
at org.testng.Assert.failNotEquals(Assert.java:1590)
at org.testng.Assert.assertTrue(Assert.java:57)
at org.testng.Assert.assertTrue(Assert.java:67)
at charushilaprojects.tests.ErrorValidationTest.ProductErrorValidation(ErrorValidationTest.java:35)
at java.base/jdk.internal.reflect.DirectMethodHandleAccessor.invoke(DirectMethodHandleAccessor.java:103)
at java.base/java.lang.reflect.Method.invoke(Method.java:580)
at org.testng.internal.invokers.MethodInvocationHelper.invokeMethod(MethodInvocationHelper.java:141)
at org.testng.internal.invokers.TestInvoker.invokeMethod(TestInvoker.java:687)
at org.testng.internal.invokers.TestInvoker.invokeTestMethod(TestInvoker.java:230)
at org.testng.internal.invokers.MethodRunner.runInSequence(MethodRunner.java:63)
at org.testng.internal.invokers.TestInvoker$MethodInvocationAgent.invoke(TestInvoker.java:995)
at org.testng.internal.invokers.TestInvoker.invokeTestMethods(TestInvoker.java:203)
at org.testng.internal.invokers.TestMethodWorker.invokeTestMethods(TestMethodWorker.java:154)
at org.testng.internal.invokers.TestMethodWorker.run(TestMethodWorker.java:134)
at java.base/java.util.ArrayList.forEach(ArrayList.java:1596)
at org.testng.TestRunner.privateRun(TestRunner.java:741)
at org.testng.TestRunner.run(TestRunner.java:616)
at org.testng.SuiteRunner.runTest(SuiteRunner.java:421)
at org.testng.SuiteRunner$SuiteWorker.run(SuiteRunner.java:463)
at org.testng.internal.thread.ThreadUtil.lambda$execute$0(ThreadUtil.java:64)
at java.base/java.util.concurrent.FutureTask.run(FutureTask.java:317)
at java.base/java.util.concurrent.ThreadPoolExecutor.runWorker(ThreadPoolExecutor.java:1144)
at java.base/java.util.concurrent.ThreadPoolExecutor$Worker.run(ThreadPoolExecutor.java:642)
at java.base/java.lang.Thread.run(Thread.java:1583)
]]>
            </full-stacktrace>
          </exception> <!-- java.lang.AssertionError -->
          <reporter-output>
          </reporter-output>
        </test-method> <!-- ProductErrorValidation -->
        <test-method is-config="true" signature="tearDown()[pri:0, instance:charushilaprojects.tests.ErrorValidationTest@2f953efd]" started-at="2025-03-23T10:49:40 IST" name="tearDown" finished-at="2025-03-23T10:49:40 IST" duration-ms="126" status="PASS">
          <reporter-output>
          </reporter-output>
        </test-method> <!-- tearDown -->
        <test-method is-config="true" signature="launchApplication()[pri:0, instance:charushilaprojects.tests.ErrorValidationTest@2f953efd]" started-at="2025-03-23T10:49:40 IST" name="launchApplication" finished-at="2025-03-23T10:49:42 IST" duration-ms="2196" status="PASS">
          <reporter-output>
          </reporter-output>
        </test-method> <!-- launchApplication -->
        <test-method signature="ProductErrorValidation()[pri:0, instance:charushilaprojects.tests.ErrorValidationTest@2f953efd]" started-at="2025-03-23T10:49:42 IST" name="ProductErrorValidation" finished-at="2025-03-23T10:49:54 IST" duration-ms="12228" status="PASS">
          <reporter-output>
          </reporter-output>
        </test-method> <!-- ProductErrorValidation -->
        <test-method is-config="true" signature="tearDown()[pri:0, instance:charushilaprojects.tests.ErrorValidationTest@2f953efd]" started-at="2025-03-23T10:49:54 IST" name="tearDown" finished-at="2025-03-23T10:49:55 IST" duration-ms="117" status="PASS">
          <reporter-output>
          </reporter-output>
        </test-method> <!-- tearDown -->
      </class> <!-- charushilaprojects.tests.ErrorValidationTest -->
    </test> <!-- Error Validation Test -->
    <test started-at="2025-03-23T10:48:53 IST" name="Submit Order Test" finished-at="2025-03-23T10:50:08 IST" duration-ms="74557">
      <class name="charushilaprojects.tests.SubmitOrderTest">
        <test-method is-config="true" signature="launchApplication()[pri:0, instance:charushilaprojects.tests.SubmitOrderTest@4c163e3]" started-at="2025-03-23T10:48:53 IST" name="launchApplication" finished-at="2025-03-23T10:48:59 IST" duration-ms="5759" status="PASS">
          <reporter-output>
          </reporter-output>
        </test-method> <!-- launchApplication -->
        <test-method signature="submitOrder(java.util.HashMap)[pri:0, instance:charushilaprojects.tests.SubmitOrderTest@4c163e3]" started-at="2025-03-23T10:48:59 IST" name="submitOrder" data-provider="getData" finished-at="2025-03-23T10:49:25 IST" duration-ms="25336" status="PASS">
          <params>
            <param index="0">
              <value>
                <![CDATA[{password=Charu123, product=IPHONE 13 PRO, email=Charu123@gmail.com}]]>
              </value>
            </param>
          </params>
          <reporter-output>
          </reporter-output>
        </test-method> <!-- submitOrder -->
        <test-method is-config="true" signature="tearDown()[pri:0, instance:charushilaprojects.tests.SubmitOrderTest@4c163e3]" started-at="2025-03-23T10:49:25 IST" name="tearDown" finished-at="2025-03-23T10:49:25 IST" duration-ms="142" status="PASS">
          <reporter-output>
          </reporter-output>
        </test-method> <!-- tearDown -->
        <test-method is-config="true" signature="launchApplication()[pri:0, instance:charushilaprojects.tests.SubmitOrderTest@4c163e3]" started-at="2025-03-23T10:49:25 IST" name="launchApplication" finished-at="2025-03-23T10:49:29 IST" duration-ms="4696" status="PASS">
          <reporter-output>
          </reporter-output>
        </test-method> <!-- launchApplication -->
        <test-method signature="submitOrder(java.util.HashMap)[pri:0, instance:charushilaprojects.tests.SubmitOrderTest@4c163e3]" started-at="2025-03-23T10:49:29 IST" name="submitOrder" data-provider="getData" finished-at="2025-03-23T10:50:05 IST" duration-ms="35436" status="PASS">
          <params>
            <param index="0">
              <value>
                <![CDATA[{password=Iamking@000, product=IPHONE 13 PRO, email=anshika@gmail.com}]]>
              </value>
            </param>
          </params>
          <reporter-output>
          </reporter-output>
        </test-method> <!-- submitOrder -->
        <test-method is-config="true" signature="tearDown()[pri:0, instance:charushilaprojects.tests.SubmitOrderTest@4c163e3]" started-at="2025-03-23T10:50:05 IST" name="tearDown" finished-at="2025-03-23T10:50:05 IST" duration-ms="125" status="PASS">
          <reporter-output>
          </reporter-output>
        </test-method> <!-- tearDown -->
        <test-method is-config="true" signature="launchApplication()[pri:0, instance:charushilaprojects.tests.SubmitOrderTest@4c163e3]" started-at="2025-03-23T10:50:05 IST" name="launchApplication" finished-at="2025-03-23T10:50:07 IST" duration-ms="2311" status="PASS">
          <reporter-output>
          </reporter-output>
        </test-method> <!-- launchApplication -->
        <test-method signature="OrderHistoryTest()[pri:0, instance:charushilaprojects.tests.SubmitOrderTest@4c163e3]" started-at="2025-03-23T10:50:07 IST" name="OrderHistoryTest" finished-at="2025-03-23T10:50:08 IST" depends-on-methods="charushilaprojects.tests.SubmitOrderTest.submitOrder" duration-ms="587" status="PASS">
          <reporter-output>
          </reporter-output>
        </test-method> <!-- OrderHistoryTest -->
        <test-method is-config="true" signature="tearDown()[pri:0, instance:charushilaprojects.tests.SubmitOrderTest@4c163e3]" started-at="2025-03-23T10:50:08 IST" name="tearDown" finished-at="2025-03-23T10:50:08 IST" duration-ms="109" status="PASS">
          <reporter-output>
          </reporter-output>
        </test-method> <!-- tearDown -->
      </class> <!-- charushilaprojects.tests.SubmitOrderTest -->
    </test> <!-- Submit Order Test -->
  </suite> <!-- Suite -->
</testng-results>
